<?xml version="1.0" encoding="UTF-8"?>
<testsuite xmlns:xsi="http://www.w3.org/2001/XMLSchema-instance" xsi:noNamespaceSchemaLocation="https://maven.apache.org/surefire/maven-surefire-plugin/xsd/surefire-test-report.xsd" name="com.giovannicm.craftingInterpreters.AppTest" time="0.092" tests="1" errors="0" skipped="0" failures="0">
  <properties>
    <property name="java.specification.version" value="17"/>
    <property name="sun.cpu.isalist" value="amd64"/>
    <property name="sun.jnu.encoding" value="Cp1252"/>
    <property name="java.class.path" value="C:\Users\giova\Documents\Git\crafting-interpreters\target\test-classes;C:\Users\giova\Documents\Git\crafting-interpreters\target\classes;C:\Users\giova\.m2\repository\junit\junit\4.11\junit-4.11.jar;C:\Users\giova\.m2\repository\org\hamcrest\hamcrest-core\1.3\hamcrest-core-1.3.jar;"/>
    <property name="java.vm.vendor" value="Oracle Corporation"/>
    <property name="sun.arch.data.model" value="64"/>
    <property name="user.variant" value=""/>
    <property name="java.vendor.url" value="https://java.oracle.com/"/>
    <property name="user.timezone" value="America/Sao_Paulo"/>
    <property name="user.country.format" value="BR"/>
    <property name="os.name" value="Windows 11"/>
    <property name="java.vm.specification.version" value="17"/>
    <property name="sun.java.launcher" value="SUN_STANDARD"/>
    <property name="user.country" value="US"/>
    <property name="sun.boot.library.path" value="C:\Program Files\Java\jdk-17\bin"/>
    <property name="sun.java.command" value="C:\Users\giova\AppData\Local\Temp\surefire11141561949772127885\surefirebooter489275740389888554.jar C:\Users\giova\AppData\Local\Temp\surefire11141561949772127885 2024-06-06T23-01-29_436-jvmRun1 surefire9243126273757694775tmp surefire_07956614282182379566tmp"/>
    <property name="jdk.debug" value="release"/>
    <property name="surefire.test.class.path" value="C:\Users\giova\Documents\Git\crafting-interpreters\target\test-classes;C:\Users\giova\Documents\Git\crafting-interpreters\target\classes;C:\Users\giova\.m2\repository\junit\junit\4.11\junit-4.11.jar;C:\Users\giova\.m2\repository\org\hamcrest\hamcrest-core\1.3\hamcrest-core-1.3.jar;"/>
    <property name="sun.cpu.endian" value="little"/>
    <property name="user.home" value="C:\Users\giova"/>
    <property name="user.language" value="en"/>
    <property name="java.specification.vendor" value="Oracle Corporation"/>
    <property name="java.version.date" value="2023-04-18"/>
    <property name="java.home" value="C:\Program Files\Java\jdk-17"/>
    <property name="file.separator" value="\"/>
    <property name="basedir" value="C:\Users\giova\Documents\Git\crafting-interpreters"/>
    <property name="java.vm.compressedOopsMode" value="Zero based"/>
    <property name="line.separator" value="&#10;"/>
    <property name="java.vm.specification.vendor" value="Oracle Corporation"/>
    <property name="java.specification.name" value="Java Platform API Specification"/>
    <property name="surefire.real.class.path" value="C:\Users\giova\AppData\Local\Temp\surefire11141561949772127885\surefirebooter489275740389888554.jar"/>
    <property name="user.script" value=""/>
    <property name="sun.management.compiler" value="HotSpot 64-Bit Tiered Compilers"/>
    <property name="java.runtime.version" value="17.0.7+8-LTS-224"/>
    <property name="user.name" value="giova"/>
    <property name="path.separator" value=";"/>
    <property name="os.version" value="10.0"/>
    <property name="java.runtime.name" value="Java(TM) SE Runtime Environment"/>
    <property name="file.encoding" value="Cp1252"/>
    <property name="java.vm.name" value="Java HotSpot(TM) 64-Bit Server VM"/>
    <property name="localRepository" value="C:\Users\giova\.m2\repository"/>
    <property name="java.vendor.url.bug" value="https://bugreport.java.com/bugreport/"/>
    <property name="java.io.tmpdir" value="C:\Users\giova\AppData\Local\Temp\"/>
    <property name="java.version" value="17.0.7"/>
    <property name="user.dir" value="C:\Users\giova\Documents\Git\crafting-interpreters"/>
    <property name="os.arch" value="amd64"/>
    <property name="java.vm.specification.name" value="Java Virtual Machine Specification"/>
    <property name="user.language.format" value="pt"/>
    <property name="sun.os.patch.level" value=""/>
    <property name="native.encoding" value="Cp1252"/>
    <property name="java.library.path" value="C:\Program Files\Java\jdk-17\bin;C:\WINDOWS\Sun\Java\bin;C:\WINDOWS\system32;C:\WINDOWS;C:\oracle\product\11.2.0\client_1;C:\oracle\product\11.2.0\client_1\bin;C:\Users\giova\AppData\Local\Programs\Python\Python310\Scripts\;C:\Users\giova\AppData\Local\Programs\Python\Python310\;C:\app\client\giova\product\12.2.0\client_1;C:\app\client\giova\product\12.2.0\client_1\bin;C:\app\giova\product\21c\dbhomeXE\bin;C:\Program Files\Common Files\Oracle\Java\javapath;C:\Program Files (x86)\Common Files\Oracle\Java\javapath;C:\Windows\system32;C:\Windows;C:\Windows\System32\Wbem;C:\Windows\System32\WindowsPowerShell\v1.0\;C:\Windows\System32\OpenSSH\;C:\Program Files\dotnet\;C:\Program Files\Microsoft SQL Server\130\Tools\Binn\;C:\Program Files\Java\jdk-11.0.13;C:\ProgramData\chocolatey\bin;C:\Users\giova\Documents\Maven\apache-maven-3.6.3\bin;C:\Users\giova\AppData\Local\Android\Sdk;C:\Users\giova\AppData\Local\Android\Sdk\emulator;C:\Users\giova\AppData\Local\Android\Sdk\tools;C:\Users\giova\AppData\Local\Android\Sdk\tools\bin;C:\Users\giova\AppData\Local\Android\Sdk\platform-tools;C:\Program Files\gradle-7.3\bin;C:\Users\giova\AppData\Roaming\nvm;C:\Program Files\Microsoft SQL Server\150\Tools\Binn\;C:\Program Files\7-Zip\;C:\Program Files\Microsoft SQL Server\Client SDK\ODBC\170\Tools\Binn\;C:\Program Files\PuTTY\;C:\WINDOWS\system32;C:\WINDOWS;C:\WINDOWS\System32\Wbem;C:\WINDOWS\System32\WindowsPowerShell\v1.0\;C:\WINDOWS\System32\OpenSSH\;C:\Program Files\Java\jdk-11.0.13\bin;C:\Program Files (x86)\Microsoft SQL Server\150\DTS\Binn\;C:\Program Files\Azure Data Studio\bin;C:\Program Files\Microsoft SQL Server\120\Tools\Binn\;C:\Users\giova\AppData\Roaming\nvm;C:\Program Files\nodejs;C:\Program Files\Microsoft\Web Platform Installer\;C:\Program Files\PostgreSQL\14\bin;C:\WINDOWS\system32;C:\WINDOWS;C:\WINDOWS\System32\Wbem;C:\WINDOWS\System32\WindowsPowerShell\v1.0\;C:\WINDOWS\System32\OpenSSH\;C:\Program Files\Git\cmd;C:\Program Files (x86)\Microsoft SQL Server\150\Tools\Binn\;C:\Program Files\Microsoft SQL Server\150\DTS\Binn\;c:\Program Files (x86)\Microsoft SQL Server\100\Tools\Binn\;c:\Program Files (x86)\Microsoft SQL Server\100\DTS\Binn\;C:\Program Files\Microsoft VS Code\bin;C:\Program Files\Docker\Docker\resources\bin;C:\Users\giova\AppData\Local\Programs\Python\Python310\Scripts\;C:\Users\giova\AppData\Local\Programs\Python\Python310\;C:\Users\giova\AppData\Local\Microsoft\WindowsApps;C:\Users\giova\AppData\Roaming\npm;C:\Users\giova\AppData\Local\GitHubDesktop\bin;C:\Users\giova\AppData\Roaming\nvm;C:\Program Files\nodejs;C:\Users\giova\.dotnet\tools;C:\Windows\Microsoft.NET\Framework\v4.0.30319;C:\Users\giova\AppData\Local\Android\Sdk\platform-tools;C:\Windows\Microsoft.NET\Framework\v4.0.30319;;."/>
    <property name="java.vm.info" value="mixed mode, sharing"/>
    <property name="java.vendor" value="Oracle Corporation"/>
    <property name="java.vm.version" value="17.0.7+8-LTS-224"/>
    <property name="sun.io.unicode.encoding" value="UnicodeLittle"/>
    <property name="java.class.version" value="61.0"/>
  </properties>
  <testcase name="shouldAnswerWithTrue" classname="com.giovannicm.craftingInterpreters.AppTest" time="0.003"/>
</testsuite>